-------------------------------------------------------------------------------
Test set: hello.GreetingControllerTests
-------------------------------------------------------------------------------
Tests run: 2, Failures: 0, Errors: 2, Skipped: 0, Time elapsed: 4.996 s <<< FAILURE! - in hello.GreetingControllerTests
noParamGreetingShouldReturnDefaultMessage(hello.GreetingControllerTests)  Time elapsed: 0.283 s  <<< ERROR!
java.lang.NoSuchMethodError: javax.servlet.http.HttpServletResponse.getStatus()I
	at hello.GreetingControllerTests.noParamGreetingShouldReturnDefaultMessage(GreetingControllerTests.java:42)

paramGreetingShouldReturnTailoredMessage(hello.GreetingControllerTests)  Time elapsed: 0.003 s  <<< ERROR!
java.lang.NoSuchMethodError: javax.servlet.http.HttpServletResponse.getStatus()I
	at hello.GreetingControllerTests.paramGreetingShouldReturnTailoredMessage(GreetingControllerTests.java:49)

